Logfile initialized
[INFO] logfile = /home/addiel/Titanium Studio Workspace/cloudService2/build.log
[DEBUG] /home/addiel/.titanium/mobilesdk/linux/2.1.0.GA/android/builder.py simulator cloudService2 /home/addiel/developer/android linux/android-sdk-linux_x86 /home/addiel/Titanium Studio Workspace/cloudService2 com.negoapps.cloudService2 8 WVGA800 
[INFO] Building cloudService2 for Android ... one moment
[INFO] Titanium SDK version: 2.1.0 (06/28/12 12:16 6e3cab6)
[DEBUG] Waiting for device to be ready ...
[TRACE] adb devices returned 1 devices/emulators
[DEBUG] Device connected... (waited 0 seconds)
[DEBUG] waited 0.004568 seconds on emulator to get ready
[DEBUG] com.negoapps.cloudService2 installed? True
[INFO] Fastdev server running, deploying in Fastdev mode
[INFO] Copying CommonJS modules...
[INFO] Copying project resources..
[TRACE] COPYING MODIFIED FILE: /home/addiel/Titanium Studio Workspace/cloudService2/Resources/ui/mostrarFoto.js => /home/addiel/Titanium Studio Workspace/cloudService2/build/android/bin/assets/Resources/ui/mostrarFoto.js
[INFO] Tiapp.xml unchanged, skipping class generation
[DEBUG] Processing Android resource drawables
[DEBUG] found drawable-long-land-ldpi splash screen at /home/addiel/Titanium Studio Workspace/cloudService2/Resources/android/images/res-long-land-ldpi/default.png
[DEBUG] found drawable-notlong-port-mdpi splash screen at /home/addiel/Titanium Studio Workspace/cloudService2/Resources/android/images/res-notlong-port-mdpi/default.png
[DEBUG] found drawable-long-port-ldpi splash screen at /home/addiel/Titanium Studio Workspace/cloudService2/Resources/android/images/res-long-port-ldpi/default.png
[DEBUG] found drawable-notlong-port-ldpi splash screen at /home/addiel/Titanium Studio Workspace/cloudService2/Resources/android/images/res-notlong-port-ldpi/default.png
[DEBUG] found drawable-notlong-land-ldpi splash screen at /home/addiel/Titanium Studio Workspace/cloudService2/Resources/android/images/res-notlong-land-ldpi/default.png
[DEBUG] found drawable-notlong-land-hdpi splash screen at /home/addiel/Titanium Studio Workspace/cloudService2/Resources/android/images/res-notlong-land-hdpi/default.png
[DEBUG] found drawable-long-port-hdpi splash screen at /home/addiel/Titanium Studio Workspace/cloudService2/Resources/android/images/res-long-port-hdpi/default.png
[DEBUG] found drawable-long-land-hdpi splash screen at /home/addiel/Titanium Studio Workspace/cloudService2/Resources/android/images/res-long-land-hdpi/default.png
[DEBUG] found drawable-notlong-land-mdpi splash screen at /home/addiel/Titanium Studio Workspace/cloudService2/Resources/android/images/res-notlong-land-mdpi/default.png
[DEBUG] found drawable-notlong-port-hdpi splash screen at /home/addiel/Titanium Studio Workspace/cloudService2/Resources/android/images/res-notlong-port-hdpi/default.png
[INFO] Waiting for SDCard to become available..
[INFO] Re-launching application ... cloudService2
[INFO] Launching application ... cloudService2
[TRACE] Launch output: Starting: Intent { act=android.intent.action.MAIN cat=[android.intent.category.LAUNCHER] cmp=com.negoapps.cloudService2/.Cloudservice2Activity }

[INFO] Relaunched cloudService2 ... Application should be running.
[DEBUG] signal caught: 15
[DEBUG] calling emulator kill on 3843
[INFO] Android Emulator has exited
